<?xml version="1.0" encoding="UTF-8"?>
<testsuite xmlns:xsi="http://www.w3.org/2001/XMLSchema-instance" xsi:noNamespaceSchemaLocation="https://maven.apache.org/surefire/maven-surefire-plugin/xsd/surefire-test-report.xsd" version="3.0.2" name="com.atlantic.atlanticapi.security.JwtSecurityIntegrationTest" time="3.615" tests="13" errors="0" skipped="0" failures="0">
  <properties>
[...]
</properties>
  <testcase name="permissionChangesApplyToExistingToken" classname="com.atlantic.atlanticapi.security.JwtSecurityIntegrationTest" time="0.44">
    <system-out><![CDATA[2026-09-24T21:08:52.994-03:00  INFO 26044 --- [AtlanticAPI] [           main] eAuthenticationProviderManagerConfigurer : Global AuthenticationManager configured with AuthenticationProvider bean with name authenticationProvider
2026-09-24T21:08:52.995-03:00  WARN 26044 --- [AtlanticAPI] [           main] r$InitializeUserDetailsManagerConfigurer : Global AuthenticationManager configured with an AuthenticationProvider bean. UserDetailsService beans will not be used by Spring Security for automatically configuring username/password login. Consider removing the AuthenticationProvider bean. Alternatively, consider using the UserDetailsService in a manually instantiated DaoAuthenticationProvider. If the current configuration is intentional, to turn off this warning, increase the logging level of 'org.springframework.security.config.annotation.authentication.configuration.InitializeUserDetailsBeanManagerConfigurer' to ERROR
2026-09-24T21:08:53.714-03:00  INFO 26044 --- [AtlanticAPI] [           main] o.s.mock.web.MockServletContext          : Initializing Spring TestDispatcherServlet ''
2026-09-24T21:08:53.714-03:00  INFO 26044 --- [AtlanticAPI] [           main] o.s.t.web.servlet.TestDispatcherServlet  : Initializing Servlet ''
2026-09-24T21:08:53.715-03:00  INFO 26044 --- [AtlanticAPI] [           main] o.s.t.web.servlet.TestDispatcherServlet  : Completed initialization in 0 ms
]]></system-out>
  </testcase>
  <testcase name="expiredAndWrongSignatureTokensReturn401" classname="com.atlantic.atlanticapi.security.JwtSecurityIntegrationTest" time="0.082">
    <system-out><![CDATA[2026-09-24T21:08:54.055-03:00  INFO 26044 --- [AtlanticAPI] [           main] o.s.mock.web.MockServletContext          : Initializing Spring TestDispatcherServlet ''
2026-09-24T21:08:54.055-03:00  INFO 26044 --- [AtlanticAPI] [           main] o.s.t.web.servlet.TestDispatcherServlet  : Initializing Servlet ''
2026-09-24T21:08:54.055-03:00  INFO 26044 --- [AtlanticAPI] [           main] o.s.t.web.servlet.TestDispatcherServlet  : Completed initialization in 0 ms
]]></system-out>
  </testcase>
  <testcase name="deletionStillRequiresBothAdminRoleAndDeletePermission" classname="com.atlantic.atlanticapi.security.JwtSecurityIntegrationTest" time="0.135">
    <system-out><![CDATA[2026-09-24T21:08:54.158-03:00  INFO 26044 --- [AtlanticAPI] [           main] o.s.mock.web.MockServletContext          : Initializing Spring TestDispatcherServlet ''
2026-09-24T21:08:54.158-03:00  INFO 26044 --- [AtlanticAPI] [           main] o.s.t.web.servlet.TestDispatcherServlet  : Initializing Servlet ''
2026-09-24T21:08:54.158-03:00  INFO 26044 --- [AtlanticAPI] [           main] o.s.t.web.servlet.TestDispatcherServlet  : Completed initialization in 0 ms
]]></system-out>
  </testcase>
  <testcase name="disablingOrRemovingUserInvalidatesExistingToken" classname="com.atlantic.atlanticapi.security.JwtSecurityIntegrationTest" time="0.12">
    <system-out><![CDATA[2026-09-24T21:08:54.308-03:00  INFO 26044 --- [AtlanticAPI] [           main] o.s.mock.web.MockServletContext          : Initializing Spring TestDispatcherServlet ''
2026-09-24T21:08:54.308-03:00  INFO 26044 --- [AtlanticAPI] [           main] o.s.t.web.servlet.TestDispatcherServlet  : Initializing Servlet ''
2026-09-24T21:08:54.309-03:00  INFO 26044 --- [AtlanticAPI] [           main] o.s.t.web.servlet.TestDispatcherServlet  : Completed initialization in 1 ms
]]></system-out>
  </testcase>
  <testcase name="invalidLoginBodyReturns400" classname="com.atlantic.atlanticapi.security.JwtSecurityIntegrationTest" time="0.259">
    <system-out><![CDATA[2026-09-24T21:08:54.401-03:00  INFO 26044 --- [AtlanticAPI] [           main] o.s.mock.web.MockServletContext          : Initializing Spring TestDispatcherServlet ''
2026-09-24T21:08:54.401-03:00  INFO 26044 --- [AtlanticAPI] [           main] o.s.t.web.servlet.TestDispatcherServlet  : Initializing Servlet ''
2026-09-24T21:08:54.403-03:00  INFO 26044 --- [AtlanticAPI] [           main] o.s.t.web.servlet.TestDispatcherServlet  : Completed initialization in 2 ms
2026-09-24T21:08:54.584-03:00  WARN 26044 --- [AtlanticAPI] [           main] .w.s.m.s.DefaultHandlerExceptionResolver : Resolved [org.springframework.web.bind.MethodArgumentNotValidException: Validation failed for argument [0] in public org.springframework.http.ResponseEntity<?> com.atlantic.atlanticapi.controller.AuthController.login(com.atlantic.models.dto.adm.Login.LoginRequestDTO) with 2 errors: [Field error in object 'loginRequestDTO' on field 'senha': rejected value []; codes [NotBlank.loginRequestDTO.senha,NotBlank.senha,NotBlank.java.lang.String,NotBlank]; arguments [org.springframework.context.support.DefaultMessageSourceResolvable: codes [loginRequestDTO.senha,senha]; arguments []; default message [senha]]; default message [A senha � obrigat�ria]] [Field error in object 'loginRequestDTO' on field 'email': rejected value [invalid]; codes [Email.loginRequestDTO.email,Email.email,Email.java.lang.String,Email]; arguments [org.springframework.context.support.DefaultMessageSourceResolvable: codes [loginRequestDTO.email,email]; arguments []; default message [email],[Ljakarta.validation.constraints.Pattern$Flag;@2bf2523f,.*]; default message [Formato de e-mail inv�lido]] ]
]]></system-out>
  </testcase>
  <testcase name="wrongPasswordUnknownAndDisabledUsersReturnSameGenericError" classname="com.atlantic.atlanticapi.security.JwtSecurityIntegrationTest" time="0.335">
    <system-out><![CDATA[2026-09-24T21:08:54.676-03:00  INFO 26044 --- [AtlanticAPI] [           main] o.s.mock.web.MockServletContext          : Initializing Spring TestDispatcherServlet ''
2026-09-24T21:08:54.676-03:00  INFO 26044 --- [AtlanticAPI] [           main] o.s.t.web.servlet.TestDispatcherServlet  : Initializing Servlet ''
2026-09-24T21:08:54.676-03:00  INFO 26044 --- [AtlanticAPI] [           main] o.s.t.web.servlet.TestDispatcherServlet  : Completed initialization in 0 ms
]]></system-out>
  </testcase>
  <testcase name="creatorCanCreate" classname="com.atlantic.atlanticapi.security.JwtSecurityIntegrationTest" time="0.091">
    <system-out><![CDATA[2026-09-24T21:08:54.996-03:00  INFO 26044 --- [AtlanticAPI] [           main] o.s.mock.web.MockServletContext          : Initializing Spring TestDispatcherServlet ''
2026-09-24T21:08:54.996-03:00  INFO 26044 --- [AtlanticAPI] [           main] o.s.t.web.servlet.TestDispatcherServlet  : Initializing Servlet ''
2026-09-24T21:08:54.997-03:00  INFO 26044 --- [AtlanticAPI] [           main] o.s.t.web.servlet.TestDispatcherServlet  : Completed initialization in 1 ms
]]></system-out>
  </testcase>
  <testcase name="loginProducesUsableTokenWithoutSessionOrPasswordLeak" classname="com.atlantic.atlanticapi.security.JwtSecurityIntegrationTest" time="0.188">
    <system-out><![CDATA[2026-09-24T21:08:55.087-03:00  INFO 26044 --- [AtlanticAPI] [           main] o.s.mock.web.MockServletContext          : Initializing Spring TestDispatcherServlet ''
2026-09-24T21:08:55.087-03:00  INFO 26044 --- [AtlanticAPI] [           main] o.s.t.web.servlet.TestDispatcherServlet  : Initializing Servlet ''
2026-09-24T21:08:55.087-03:00  INFO 26044 --- [AtlanticAPI] [           main] o.s.t.web.servlet.TestDispatcherServlet  : Completed initialization in 0 ms
]]></system-out>
  </testcase>
  <testcase name="editorCanUpdateWithoutCreatePermission" classname="com.atlantic.atlanticapi.security.JwtSecurityIntegrationTest" time="0.08">
    <system-out><![CDATA[2026-09-24T21:08:55.277-03:00  INFO 26044 --- [AtlanticAPI] [           main] o.s.mock.web.MockServletContext          : Initializing Spring TestDispatcherServlet ''
2026-09-24T21:08:55.278-03:00  INFO 26044 --- [AtlanticAPI] [           main] o.s.t.web.servlet.TestDispatcherServlet  : Initializing Servlet ''
2026-09-24T21:08:55.278-03:00  INFO 26044 --- [AtlanticAPI] [           main] o.s.t.web.servlet.TestDispatcherServlet  : Completed initialization in 0 ms
]]></system-out>
  </testcase>
  <testcase name="editorCannotCreateAndCreatorCannotUpdate" classname="com.atlantic.atlanticapi.security.JwtSecurityIntegrationTest" time="0.08">
    <system-out><![CDATA[2026-09-24T21:08:55.361-03:00  INFO 26044 --- [AtlanticAPI] [           main] o.s.mock.web.MockServletContext          : Initializing Spring TestDispatcherServlet ''
2026-09-24T21:08:55.362-03:00  INFO 26044 --- [AtlanticAPI] [           main] o.s.t.web.servlet.TestDispatcherServlet  : Initializing Servlet ''
2026-09-24T21:08:55.362-03:00  INFO 26044 --- [AtlanticAPI] [           main] o.s.t.web.servlet.TestDispatcherServlet  : Completed initialization in 0 ms
]]></system-out>
  </testcase>
  <testcase name="returnsRealUserName" classname="com.atlantic.atlanticapi.security.JwtSecurityIntegrationTest" time="0.143">
    <system-out><![CDATA[2026-09-24T21:08:55.445-03:00  INFO 26044 --- [AtlanticAPI] [           main] o.s.mock.web.MockServletContext          : Initializing Spring TestDispatcherServlet ''
2026-09-24T21:08:55.445-03:00  INFO 26044 --- [AtlanticAPI] [           main] o.s.t.web.servlet.TestDispatcherServlet  : Initializing Servlet ''
2026-09-24T21:08:55.445-03:00  INFO 26044 --- [AtlanticAPI] [           main] o.s.t.web.servlet.TestDispatcherServlet  : Completed initialization in 0 ms
]]></system-out>
  </testcase>
  <testcase name="missingMalformedAndUnsupportedAuthorizationReturn401" classname="com.atlantic.atlanticapi.security.JwtSecurityIntegrationTest" time="0.079">
    <system-out><![CDATA[2026-09-24T21:08:55.590-03:00  INFO 26044 --- [AtlanticAPI] [           main] o.s.mock.web.MockServletContext          : Initializing Spring TestDispatcherServlet ''
2026-09-24T21:08:55.590-03:00  INFO 26044 --- [AtlanticAPI] [           main] o.s.t.web.servlet.TestDispatcherServlet  : Initializing Servlet ''
2026-09-24T21:08:55.591-03:00  INFO 26044 --- [AtlanticAPI] [           main] o.s.t.web.servlet.TestDispatcherServlet  : Completed initialization in 1 ms
]]></system-out>
  </testcase>
  <testcase name="loginIgnoresOldInvalidTokenAndOtherAuthPathsStayProtected" classname="com.atlantic.atlanticapi.security.JwtSecurityIntegrationTest" time="0.141">
    <system-out><![CDATA[2026-09-24T21:08:55.667-03:00  INFO 26044 --- [AtlanticAPI] [           main] o.s.mock.web.MockServletContext          : Initializing Spring TestDispatcherServlet ''
2026-09-24T21:08:55.667-03:00  INFO 26044 --- [AtlanticAPI] [           main] o.s.t.web.servlet.TestDispatcherServlet  : Initializing Servlet ''
2026-09-24T21:08:55.667-03:00  INFO 26044 --- [AtlanticAPI] [           main] o.s.t.web.servlet.TestDispatcherServlet  : Completed initialization in 0 ms
]]></system-out>
  </testcase>
</testsuite>